# JRE version: Java(TM) SE Runtime Environment (8.0_101-b13) (build 1.8.0_101-b13)
# Java VM: Java HotSpot(TM) 64-Bit Server VM (25.101-b13 mixed mode bsd-amd64 compressed oops)
Heap:
 PSYoungGen      total 112128K, used 26638K [0x0000000795580000, 0x000000079d980000, 0x00000007c0000000)
  eden space 95232K, 25% used [0x0000000795580000,0x0000000796ceb678,0x000000079b280000)
  from space 16896K, 15% used [0x000000079c900000,0x000000079cb98260,0x000000079d980000)
  to   space 19968K, 0% used [0x000000079b280000,0x000000079b280000,0x000000079c600000)
 ParOldGen       total 62464K, used 32354K [0x0000000740000000, 0x0000000743d00000, 0x0000000795580000)
  object space 62464K, 51% used [0x0000000740000000,0x0000000741f98830,0x0000000743d00000)
 Metaspace       used 26923K, capacity 27139K, committed 27264K, reserved 1073152K
  class space    used 2846K, capacity 2916K, committed 2944K, reserved 1048576K
GC Heap History (10 events):
Event: 3.631 GC heap before
{Heap before GC invocations=7 (full 1):
 PSYoungGen      total 38400K, used 33335K [0x0000000795580000, 0x0000000799900000, 0x00000007c0000000)
  eden space 33280K, 99% used [0x0000000795580000,0x00000007975c5c38,0x0000000797600000)
  from space 5120K, 5% used [0x0000000797600000,0x0000000797648010,0x0000000797b00000)
  to   space 8704K, 0% used [0x0000000799080000,0x0000000799080000,0x0000000799900000)
 ParOldGen       total 62464K, used 6158K [0x0000000740000000, 0x0000000743d00000, 0x0000000795580000)
  object space 62464K, 9% used [0x0000000740000000,0x0000000740603910,0x0000000743d00000)
 Metaspace       used 22779K, capacity 23031K, committed 23168K, reserved 1069056K
  class space    used 2579K, capacity 2660K, committed 2688K, reserved 1048576K
Event: 3.656 GC heap after
Heap after GC invocations=7 (full 1):
 PSYoungGen      total 57856K, used 8677K [0x0000000795580000, 0x0000000799f80000, 0x00000007c0000000)
  eden space 49152K, 0% used [0x0000000795580000,0x0000000795580000,0x0000000798580000)
  from space 8704K, 99% used [0x0000000799080000,0x00000007998f96b8,0x0000000799900000)
  to   space 11264K, 0% used [0x0000000798580000,0x0000000798580000,0x0000000799080000)
 ParOldGen       total 62464K, used 15235K [0x0000000740000000, 0x0000000743d00000, 0x0000000795580000)
  object space 62464K, 24% used [0x0000000740000000,0x0000000740ee0eb0,0x0000000743d00000)
 Metaspace       used 22779K, capacity 23031K, committed 23168K, reserved 1069056K
  class space    used 2579K, capacity 2660K, committed 2688K, reserved 1048576K
}
Event: 4.558 GC heap before
{Heap before GC invocations=8 (full 1):
 PSYoungGen      total 57856K, used 57829K [0x0000000795580000, 0x0000000799f80000, 0x00000007c0000000)
  eden space 49152K, 100% used [0x0000000795580000,0x0000000798580000,0x0000000798580000)
  from space 8704K, 99% used [0x0000000799080000,0x00000007998f96b8,0x0000000799900000)
  to   space 11264K, 0% used [0x0000000798580000,0x0000000798580000,0x0000000799080000)
 ParOldGen       total 62464K, used 15235K [0x0000000740000000, 0x0000000743d00000, 0x0000000795580000)
  object space 62464K, 24% used [0x0000000740000000,0x0000000740ee0eb0,0x0000000743d00000)
 Metaspace       used 25218K, capacity 25467K, committed 25728K, reserved 1073152K
  class space    used 2824K, capacity 2916K, committed 2944K, reserved 1048576K
Event: 4.577 GC heap after
Heap after GC invocations=8 (full 1):
 PSYoungGen      total 60416K, used 11257K [0x0000000795580000, 0x000000079c480000, 0x00000007c0000000)
  eden space 49152K, 0% used [0x0000000795580000,0x0000000795580000,0x0000000798580000)
  from space 11264K, 99% used [0x0000000798580000,0x000000079907e640,0x0000000799080000)
  to   space 17408K, 0% used [0x000000079b380000,0x000000079b380000,0x000000079c480000)
 ParOldGen       total 62464K, used 21977K [0x0000000740000000, 0x0000000743d00000, 0x0000000795580000)
  object space 62464K, 35% used [0x0000000740000000,0x00000007415765c8,0x0000000743d00000)
 Metaspace       used 25218K, capacity 25467K, committed 25728K, reserved 1073152K
  class space    used 2824K, capacity 2916K, committed 2944K, reserved 1048576K
}
Event: 8.361 GC heap before
{Heap before GC invocations=9 (full 1):
 PSYoungGen      total 60416K, used 60409K [0x0000000795580000, 0x000000079c480000, 0x00000007c0000000)
  eden space 49152K, 100% used [0x0000000795580000,0x0000000798580000,0x0000000798580000)
  from space 11264K, 99% used [0x0000000798580000,0x000000079907e640,0x0000000799080000)
  to   space 17408K, 0% used [0x000000079b380000,0x000000079b380000,0x000000079c480000)
 ParOldGen       total 62464K, used 21977K [0x0000000740000000, 0x0000000743d00000, 0x0000000795580000)
  object space 62464K, 35% used [0x0000000740000000,0x00000007415765c8,0x0000000743d00000)
 Metaspace       used 26101K, capacity 26307K, committed 26496K, reserved 1073152K
  class space    used 2841K, capacity 2916K, committed 2944K, reserved 1048576K
Event: 8.372 GC heap after
Heap after GC invocations=9 (full 1):
 PSYoungGen      total 93184K, used 15155K [0x0000000795580000, 0x000000079c680000, 0x00000007c0000000)
  eden space 75776K, 0% used [0x0000000795580000,0x0000000795580000,0x0000000799f80000)
  from space 17408K, 87% used [0x000000079b380000,0x000000079c24cec0,0x000000079c480000)
  to   space 19968K, 0% used [0x0000000799f80000,0x0000000799f80000,0x000000079b300000)
 ParOldGen       total 62464K, used 22025K [0x0000000740000000, 0x0000000743d00000, 0x0000000795580000)
  object space 62464K, 35% used [0x0000000740000000,0x00000007415825c8,0x0000000743d00000)
 Metaspace       used 26101K, capacity 26307K, committed 26496K, reserved 1073152K
  class space    used 2841K, capacity 2916K, committed 2944K, reserved 1048576K
}
Event: 12.304 GC heap before
{Heap before GC invocations=10 (full 1):
 PSYoungGen      total 93184K, used 90931K [0x0000000795580000, 0x000000079c680000, 0x00000007c0000000)
  eden space 75776K, 100% used [0x0000000795580000,0x0000000799f80000,0x0000000799f80000)
  from space 17408K, 87% used [0x000000079b380000,0x000000079c24cec0,0x000000079c480000)
  to   space 19968K, 0% used [0x0000000799f80000,0x0000000799f80000,0x000000079b300000)
 ParOldGen       total 62464K, used 22025K [0x0000000740000000, 0x0000000743d00000, 0x0000000795580000)
  object space 62464K, 35% used [0x0000000740000000,0x00000007415825c8,0x0000000743d00000)
 Metaspace       used 26741K, capacity 27011K, committed 27264K, reserved 1073152K
  class space    used 2845K, capacity 2916K, committed 2944K, reserved 1048576K
Event: 12.314 GC heap after
Heap after GC invocations=10 (full 1):
 PSYoungGen      total 95744K, used 11263K [0x0000000795580000, 0x000000079dd00000, 0x00000007c0000000)
  eden space 75776K, 0% used [0x0000000795580000,0x0000000795580000,0x0000000799f80000)
  from space 19968K, 56% used [0x0000000799f80000,0x000000079aa7fd38,0x000000079b300000)
  to   space 20480K, 0% used [0x000000079c900000,0x000000079c900000,0x000000079dd00000)
 ParOldGen       total 62464K, used 23752K [0x0000000740000000, 0x0000000743d00000, 0x0000000795580000)
  object space 62464K, 38% used [0x0000000740000000,0x0000000741732128,0x0000000743d00000)
 Metaspace       used 26741K, capacity 27011K, committed 27264K, reserved 1073152K
  class space    used 2845K, capacity 2916K, committed 2944K, reserved 1048576K
}
Event: 16.595 GC heap before
{Heap before GC invocations=11 (full 1):
 PSYoungGen      total 95744K, used 87039K [0x0000000795580000, 0x000000079dd00000, 0x00000007c0000000)
  eden space 75776K, 100% used [0x0000000795580000,0x0000000799f80000,0x0000000799f80000)
  from space 19968K, 56% used [0x0000000799f80000,0x000000079aa7fd38,0x000000079b300000)
  to   space 20480K, 0% used [0x000000079c900000,0x000000079c900000,0x000000079dd00000)
 ParOldGen       total 62464K, used 23752K [0x0000000740000000, 0x0000000743d00000, 0x0000000795580000)
  object space 62464K, 38% used [0x0000000740000000,0x0000000741732128,0x0000000743d00000)
 Metaspace       used 26892K, capacity 27139K, committed 27264K, reserved 1073152K
  class space    used 2845K, capacity 2916K, committed 2944K, reserved 1048576K
Event: 16.604 GC heap after
Heap after GC invocations=11 (full 1):
 PSYoungGen      total 112128K, used 2656K [0x0000000795580000, 0x000000079d980000, 0x00000007c0000000)
  eden space 95232K, 0% used [0x0000000795580000,0x0000000795580000,0x000000079b280000)
  from space 16896K, 15% used [0x000000079c900000,0x000000079cb98260,0x000000079d980000)
  to   space 19968K, 0% used [0x000000079b280000,0x000000079b280000,0x000000079c600000)
 ParOldGen       total 62464K, used 32354K [0x0000000740000000, 0x0000000743d00000, 0x0000000795580000)
  object space 62464K, 51% used [0x0000000740000000,0x0000000741f98830,0x0000000743d00000)
 Metaspace       used 26892K, capacity 27139K, committed 27264K, reserved 1073152K
  class space    used 2845K, capacity 2916K, committed 2944K, reserved 1048576K
}

